<?xml version="1.0" encoding="UTF-8"?>
<!-- Generated by org.testng.reporters.JUnitXMLReporter -->
<testsuite ignored="0" hostname="MANJUNATH" failures="0" tests="3" name="Test" time="57.13" errors="0" timestamp="2023-12-07T17:14:49 IST">
  <testcase classname="com.Amazon.Testscript.RegisterPage" name="pageRister" time="5.488"/>
  <testcase classname="com.Amazon.Testscript.ValidateFilters" name="ApplyingFilters" time="14.993"/>
  <testcase classname="com.Amazon.Testscript.IphoneSearch" name="searchIphone" time="14.996"/>
</testsuite> <!-- Test -->
